2020-06-23 16:04:30.619  INFO 10272 --- [main] dockerproj.dkject.DkjectApplication      : Starting DkjectApplication on localhost with PID 10272 (D:\我的工作\数据质量工程\dkject\target\classes started by 91311 in D:\我的工作\数据质量工程\dkject)
2020-06-23 16:04:30.626  INFO 10272 --- [main] dockerproj.dkject.DkjectApplication      : No active profile set, falling back to default profiles: default
2020-06-23 16:04:32.323  INFO 10272 --- [main] o.s.b.w.embedded.tomcat.TomcatWebServer  : Tomcat initialized with port(s): 8088 (http)
2020-06-23 16:04:32.338  INFO 10272 --- [main] o.apache.catalina.core.StandardService   : Starting service [Tomcat]
2020-06-23 16:04:32.338  INFO 10272 --- [main] org.apache.catalina.core.StandardEngine  : Starting Servlet engine: [Apache Tomcat/9.0.34]
2020-06-23 16:04:32.489  INFO 10272 --- [main] o.a.c.c.C.[Tomcat].[localhost].[/]       : Initializing Spring embedded WebApplicationContext
2020-06-23 16:04:32.489  INFO 10272 --- [main] o.s.web.context.ContextLoader            : Root WebApplicationContext: initialization completed in 1737 ms
2020-06-23 16:04:32.749  INFO 10272 --- [main] o.s.s.concurrent.ThreadPoolTaskExecutor  : Initializing ExecutorService 'applicationTaskExecutor'
2020-06-23 16:04:32.941  INFO 10272 --- [main] o.s.b.w.embedded.tomcat.TomcatWebServer  : Tomcat started on port(s): 8088 (http) with context path ''
2020-06-23 16:04:32.946  INFO 10272 --- [main] dockerproj.dkject.DkjectApplication      : Started DkjectApplication in 3.372 seconds (JVM running for 5.635)
2020-06-23 16:04:42.361  INFO 10272 --- [http-nio-8088-exec-1] o.a.c.c.C.[Tomcat].[localhost].[/]       : Initializing Spring DispatcherServlet 'dispatcherServlet'
2020-06-23 16:04:42.366  INFO 10272 --- [http-nio-8088-exec-1] o.s.web.servlet.DispatcherServlet        : Initializing Servlet 'dispatcherServlet'
2020-06-23 16:04:42.374  INFO 10272 --- [http-nio-8088-exec-1] o.s.web.servlet.DispatcherServlet        : Completed initialization in 8 ms
2020-06-23 16:08:45.023  INFO 15252 --- [main] dockerproj.dkject.DkjectApplication      : Starting DkjectApplication on localhost with PID 15252 (D:\我的工作\数据质量工程\dkject\target\classes started by 91311 in D:\我的工作\数据质量工程\dkject)
2020-06-23 16:08:45.028  INFO 15252 --- [main] dockerproj.dkject.DkjectApplication      : No active profile set, falling back to default profiles: default
2020-06-23 16:08:46.546  INFO 15252 --- [main] o.s.b.w.embedded.tomcat.TomcatWebServer  : Tomcat initialized with port(s): 8088 (http)
2020-06-23 16:08:46.561  INFO 15252 --- [main] o.apache.catalina.core.StandardService   : Starting service [Tomcat]
2020-06-23 16:08:46.562  INFO 15252 --- [main] org.apache.catalina.core.StandardEngine  : Starting Servlet engine: [Apache Tomcat/9.0.34]
2020-06-23 16:08:46.700  INFO 15252 --- [main] o.a.c.c.C.[Tomcat].[localhost].[/]       : Initializing Spring embedded WebApplicationContext
2020-06-23 16:08:46.701  INFO 15252 --- [main] o.s.web.context.ContextLoader            : Root WebApplicationContext: initialization completed in 1578 ms
2020-06-23 16:08:46.955  INFO 15252 --- [main] o.s.s.concurrent.ThreadPoolTaskExecutor  : Initializing ExecutorService 'applicationTaskExecutor'
2020-06-23 16:08:47.156  INFO 15252 --- [main] o.s.b.w.embedded.tomcat.TomcatWebServer  : Tomcat started on port(s): 8088 (http) with context path ''
2020-06-23 16:08:47.161  INFO 15252 --- [main] dockerproj.dkject.DkjectApplication      : Started DkjectApplication in 3.047 seconds (JVM running for 6.071)
2020-06-23 16:11:09.955  INFO 15252 --- [http-nio-8088-exec-1] o.a.c.c.C.[Tomcat].[localhost].[/]       : Initializing Spring DispatcherServlet 'dispatcherServlet'
2020-06-23 16:11:09.955  INFO 15252 --- [http-nio-8088-exec-1] o.s.web.servlet.DispatcherServlet        : Initializing Servlet 'dispatcherServlet'
2020-06-23 16:11:09.965  INFO 15252 --- [http-nio-8088-exec-1] o.s.web.servlet.DispatcherServlet        : Completed initialization in 10 ms
2020-06-23 16:11:10.020 ERROR 15252 --- [http-nio-8088-exec-1] dockerproj.dkject.sqg.HelloController    : xx
2020-06-23 16:11:15.687 DEBUG 15252 --- [http-nio-8088-exec-3] dockerproj.dkject.sqg.HelloController    : hhh
